<?xml version="1.0" encoding="UTF-8"?>
<!-- Generated by org.testng.reporters.JUnitXMLReporter -->
<testsuite ignored="0" hostname="LAPTOP-TDDV87RG" failures="0" tests="12" name="Test" time="382.916" errors="0" timestamp="2024-05-12T13:36:05 IST">
  <testcase classname="com.crm.qa.testcases.ContactsPageTest" name="verify_Contacts_Label_In_Contacts_Page" time="3.052"/>
  <testcase classname="com.crm.qa.testcases.ContactsPageTest" name="verify_Select_Contact_Checkbox_By_Name" time="2.529"/>
  <testcase classname="com.crm.qa.testcases.ContactsPageTest" name="verify_Add_New_Contact_Hunctionality" time="9.541"/>
  <testcase classname="com.crm.qa.testcases.ContactsPageTest" name="verify_Add_New_Contact_Hunctionality" time="9.836"/>
  <testcase classname="com.crm.qa.testcases.ContactsPageTest" name="verify_Add_New_Contact_Hunctionality" time="9.337"/>
  <testcase classname="com.crm.qa.testcases.ContactsPageTest" name="verify_Add_New_Contact_Hunctionality" time="9.005"/>
  <testcase classname="com.crm.qa.testcases.HomePageTest" name="verify_HomePage_Title" time="0.029"/>
  <testcase classname="com.crm.qa.testcases.HomePageTest" name="verify_Correct_UserDetails_On_HomePage" time="0.223"/>
  <testcase classname="com.crm.qa.testcases.HomePageTest" name="verify_Contact_Link" time="2.997"/>
  <testcase classname="com.crm.qa.testcases.LoginPageTest" name="verify_Page_Title" time="0.034"/>
  <testcase classname="com.crm.qa.testcases.LoginPageTest" name="verify_CRM_Logo" time="0.215"/>
  <testcase classname="com.crm.qa.testcases.LoginPageTest" name="verify_Login" time="12.913"/>
</testsuite> <!-- Test -->
