<?xml version="1.0" encoding="UTF-8"?>
<!-- Generated by org.testng.reporters.JUnitXMLReporter -->
<testsuite ignored="0" hostname="LAPTOP-TDDV87RG" failures="0" tests="3" name="Default test" time="44.476" errors="0" timestamp="2024-05-12T12:44:20 IST">
  <testcase classname="com.crm.qa.testcases.LoginPageTest" name="verify_Page_Title" time="0.027"/>
  <testcase classname="com.crm.qa.testcases.LoginPageTest" name="verify_CRM_Logo" time="0.135"/>
  <testcase classname="com.crm.qa.testcases.LoginPageTest" name="verify_Login" time="7.819"/>
</testsuite> <!-- Default test -->
